[ N 2023-05-02 16:46:59.2738 25844/T1 age/Wat/WatchdogMain.cpp:1377 ]: Starting Passenger watchdog...
[ N 2023-05-02 16:46:59.3018 25846/T1 age/Cor/CoreMain.cpp:1340 ]: Starting Passenger core...
[ N 2023-05-02 16:46:59.3025 25846/T1 age/Cor/CoreMain.cpp:256 ]: Passenger core running in multi-application mode.
[ N 2023-05-02 16:46:59.3503 25846/T1 age/Cor/CoreMain.cpp:1015 ]: Passenger core online, PID 25846
*** TempDirToucher errorCannot lookup user information for user plod, Undefined error: 0 (errno 0)
App 25862 output: /usr/local/Cellar/passenger/6.0.16/libexec/src/helper-scripts/wsgi-loader.py:26: DeprecationWarning: the imp module is deprecated in favour of importlib and slated for removal in Python 3.12; see the module's documentation for alternative uses
App 25862 output:   import sys, os, re, imp, threading, signal, traceback, socket, select, struct, logging, errno
[ N 2023-05-02 16:47:01.8142 25846/T5 age/Cor/SecurityUpdateChecker.h:519 ]: Security update check: no update found (next check in 24 hours)

[ N 2023-05-02 19:39:28.8760 25846/T8 age/Cor/CoreMain.cpp:671 ]: Signal received. Gracefully shutting down... (send signal 2 more time(s) to force shutdown)
[ N 2023-05-02 19:39:28.8762 25846/T1 age/Cor/CoreMain.cpp:1246 ]: Received command to shutdown gracefully. Waiting until all clients have disconnected...
[ N 2023-05-02 19:39:28.8762 25846/T1 age/Cor/CoreMain.cpp:1147 ]: Checking whether to disconnect long-running connections for process 25862, application /Users/sfsheath/Documents/p-lod-browser (development)
[ N 2023-05-02 19:39:28.8774 25846/Ts Ser/Server.h:901 ]: [ServerThr.11] Freed 0 spare client objects
[ N 2023-05-02 19:39:28.8775 25846/Tc Ser/Server.h:901 ]: [ServerThr.3] Freed 0 spare client objects
[ N 2023-05-02 19:39:28.8775 25846/Te Ser/Server.h:901 ]: [ServerThr.4] Freed 0 spare client objects
[ N 2023-05-02 19:39:28.8776 25846/Ts Ser/Server.h:558 ]: [ServerThr.11] Shutdown finished
[ N 2023-05-02 19:39:28.8776 25846/Tw Ser/Server.h:901 ]: [ServerThr.13] Freed 0 spare client objects
[ N 2023-05-02 19:39:28.8775 25846/Ty Ser/Server.h:901 ]: [ServerThr.14] Freed 0 spare client objects
[ N 2023-05-02 19:39:28.8774 25846/Tm Ser/Server.h:901 ]: [ServerThr.8] Freed 0 spare client objects
[ N 2023-05-02 19:39:28.8775 25846/Tu Ser/Server.h:901 ]: [ServerThr.12] Freed 0 spare client objects
[ N 2023-05-02 19:39:28.8778 25846/Ty Ser/Server.h:558 ]: [ServerThr.14] Shutdown finished
[ N 2023-05-02 19:39:28.8774 25846/Tg Ser/Server.h:901 ]: [ServerThr.5] Freed 0 spare client objects
[ N 2023-05-02 19:39:28.8776 25846/T12 Ser/Server.h:901 ]: [ServerThr.16] Freed 0 spare client objects
[ N 2023-05-02 19:39:28.8775 25846/T8 Ser/Server.h:901 ]: [ServerThr.1] Freed 0 spare client objects
[ N 2023-05-02 19:39:28.8779 25846/Tg Ser/Server.h:558 ]: [ServerThr.5] Shutdown finished
[ N 2023-05-02 19:39:28.8774 25846/Tk Ser/Server.h:901 ]: [ServerThr.7] Freed 0 spare client objects
[ N 2023-05-02 19:39:28.8780 25846/T8 Ser/Server.h:558 ]: [ServerThr.1] Shutdown finished
[ N 2023-05-02 19:39:28.8779 25846/Tm Ser/Server.h:558 ]: [ServerThr.8] Shutdown finished
[ N 2023-05-02 19:39:28.8775 25846/To Ser/Server.h:901 ]: [ServerThr.9] Freed 0 spare client objects
[ N 2023-05-02 19:39:28.8779 25846/T12 Ser/Server.h:558 ]: [ServerThr.16] Shutdown finished
[ N 2023-05-02 19:39:28.8774 25846/Ta Ser/Server.h:901 ]: [ServerThr.2] Freed 0 spare client objects
[ N 2023-05-02 19:39:28.8777 25846/Te Ser/Server.h:558 ]: [ServerThr.4] Shutdown finished
[ N 2023-05-02 19:39:28.8779 25846/Tu Ser/Server.h:558 ]: [ServerThr.12] Shutdown finished
[ N 2023-05-02 19:39:28.8775 25846/Tq Ser/Server.h:901 ]: [ServerThr.10] Freed 0 spare client objects
[ N 2023-05-02 19:39:28.8780 25846/Tk Ser/Server.h:558 ]: [ServerThr.7] Shutdown finished
[ N 2023-05-02 19:39:28.8774 25846/Tj Ser/Server.h:901 ]: [ServerThr.6] Freed 0 spare client objects
[ N 2023-05-02 19:39:28.8777 25846/Tc Ser/Server.h:558 ]: [ServerThr.3] Shutdown finished
[ N 2023-05-02 19:39:28.8778 25846/Tw Ser/Server.h:558 ]: [ServerThr.13] Shutdown finished
[ N 2023-05-02 19:39:28.8781 25846/To Ser/Server.h:558 ]: [ServerThr.9] Shutdown finished
[ N 2023-05-02 19:39:28.8781 25846/Ta Ser/Server.h:558 ]: [ServerThr.2] Shutdown finished
[ N 2023-05-02 19:39:28.8776 25846/T10 Ser/Server.h:901 ]: [ServerThr.15] Freed 0 spare client objects
[ N 2023-05-02 19:39:28.8782 25846/Tq Ser/Server.h:558 ]: [ServerThr.10] Shutdown finished
[ N 2023-05-02 19:39:28.8784 25846/T10 Ser/Server.h:558 ]: [ServerThr.15] Shutdown finished
[ N 2023-05-02 19:39:28.8782 25846/Tj Ser/Server.h:558 ]: [ServerThr.6] Shutdown finished
[ N 2023-05-02 19:39:28.8786 25846/T14 Ser/Server.h:901 ]: [ApiServer] Freed 0 spare client objects
[ N 2023-05-02 19:39:28.8789 25846/T14 Ser/Server.h:558 ]: [ApiServer] Shutdown finished
[ N 2023-05-02 19:39:28.8802 25846/T1 age/Cor/CoreMain.cpp:1147 ]: Checking whether to disconnect long-running connections for process 25862, application /Users/sfsheath/Documents/p-lod-browser (development)
[ N 2023-05-02 19:39:29.8067 25846/T1 age/Cor/CoreMain.cpp:1325 ]: Passenger core shutdown finished
[ N 2023-05-02 19:39:33.2667 30061/T1 age/Wat/WatchdogMain.cpp:1377 ]: Starting Passenger watchdog...
[ N 2023-05-02 19:39:33.2939 30063/T1 age/Cor/CoreMain.cpp:1340 ]: Starting Passenger core...
[ N 2023-05-02 19:39:33.2943 30063/T1 age/Cor/CoreMain.cpp:256 ]: Passenger core running in multi-application mode.
[ N 2023-05-02 19:39:33.3297 30063/T1 age/Cor/CoreMain.cpp:1015 ]: Passenger core online, PID 30063
*** TempDirToucher errorCannot lookup user information for user plod, Undefined error: 0 (errno 0)
App 30077 output: /usr/local/Cellar/passenger/6.0.16/libexec/src/helper-scripts/wsgi-loader.py:26: DeprecationWarning: the imp module is deprecated in favour of importlib and slated for removal in Python 3.12; see the module's documentation for alternative uses
App 30077 output:   import sys, os, re, imp, threading, signal, traceback, socket, select, struct, logging, errno
[ N 2023-05-02 19:39:35.7482 30063/T5 age/Cor/SecurityUpdateChecker.h:519 ]: Security update check: no update found (next check in 24 hours)

[ N 2023-05-02 22:10:46.5261 30063/T8 age/Cor/CoreMain.cpp:671 ]: Signal received. Gracefully shutting down... (send signal 2 more time(s) to force shutdown)
[ N 2023-05-02 22:10:46.5265 30063/T1 age/Cor/CoreMain.cpp:1246 ]: Received command to shutdown gracefully. Waiting until all clients have disconnected...
[ N 2023-05-02 22:10:46.5267 30063/T1 age/Cor/CoreMain.cpp:1147 ]: Checking whether to disconnect long-running connections for process 30077, application /Users/sfsheath/Documents/p-lod-browser (development)
[ N 2023-05-02 22:10:46.5281 30063/T8 Ser/Server.h:901 ]: [ServerThr.1] Freed 0 spare client objects
[ N 2023-05-02 22:10:46.5281 30063/Tn Ser/Server.h:901 ]: [ServerThr.8] Freed 0 spare client objects
[ N 2023-05-02 22:10:46.5281 30063/To Ser/Server.h:901 ]: [ServerThr.9] Freed 0 spare client objects
[ N 2023-05-02 22:10:46.5282 30063/Tj Ser/Server.h:901 ]: [ServerThr.6] Freed 0 spare client objects
[ N 2023-05-02 22:10:46.5282 30063/Ts Ser/Server.h:901 ]: [ServerThr.11] Freed 0 spare client objects
[ N 2023-05-02 22:10:46.5282 30063/Tq Ser/Server.h:901 ]: [ServerThr.10] Freed 0 spare client objects
[ N 2023-05-02 22:10:46.5282 30063/T12 Ser/Server.h:901 ]: [ServerThr.16] Freed 0 spare client objects
[ N 2023-05-02 22:10:46.5282 30063/Ty Ser/Server.h:901 ]: [ServerThr.14] Freed 0 spare client objects
[ N 2023-05-02 22:10:46.5282 30063/Te Ser/Server.h:901 ]: [ServerThr.4] Freed 0 spare client objects
[ N 2023-05-02 22:10:46.5282 30063/Ta Ser/Server.h:901 ]: [ServerThr.2] Freed 0 spare client objects
[ N 2023-05-02 22:10:46.5282 30063/T10 Ser/Server.h:901 ]: [ServerThr.15] Freed 0 spare client objects
[ N 2023-05-02 22:10:46.5281 30063/Tc Ser/Server.h:901 ]: [ServerThr.3] Freed 0 spare client objects
[ N 2023-05-02 22:10:46.5281 30063/Tv Ser/Server.h:901 ]: [ServerThr.12] Freed 0 spare client objects
[ N 2023-05-02 22:10:46.5282 30063/Tg Ser/Server.h:901 ]: [ServerThr.5] Freed 0 spare client objects
[ N 2023-05-02 22:10:46.5282 30063/Tk Ser/Server.h:901 ]: [ServerThr.7] Freed 0 spare client objects
[ N 2023-05-02 22:10:46.5282 30063/Tw Ser/Server.h:901 ]: [ServerThr.13] Freed 0 spare client objects
[ N 2023-05-02 22:10:46.5284 30063/T14 Ser/Server.h:901 ]: [ApiServer] Freed 0 spare client objects
[ N 2023-05-02 22:10:46.5291 30063/Tn Ser/Server.h:558 ]: [ServerThr.8] Shutdown finished
[ N 2023-05-02 22:10:46.5287 30063/T8 Ser/Server.h:558 ]: [ServerThr.1] Shutdown finished
[ N 2023-05-02 22:10:46.5305 30063/Tq Ser/Server.h:558 ]: [ServerThr.10] Shutdown finished
[ N 2023-05-02 22:10:46.5307 30063/Tv Ser/Server.h:558 ]: [ServerThr.12] Shutdown finished
[ N 2023-05-02 22:10:46.5307 30063/Ta Ser/Server.h:558 ]: [ServerThr.2] Shutdown finished
[ N 2023-05-02 22:10:46.5308 30063/T14 Ser/Server.h:558 ]: [ApiServer] Shutdown finished
[ N 2023-05-02 22:10:46.5304 30063/To Ser/Server.h:558 ]: [ServerThr.9] Shutdown finished
[ N 2023-05-02 22:10:46.5307 30063/Tc Ser/Server.h:558 ]: [ServerThr.3] Shutdown finished
[ N 2023-05-02 22:10:46.5306 30063/Te Ser/Server.h:558 ]: [ServerThr.4] Shutdown finished
[ N 2023-05-02 22:10:46.5306 30063/Ty Ser/Server.h:558 ]: [ServerThr.14] Shutdown finished
[ N 2023-05-02 22:10:46.5306 30063/T12 Ser/Server.h:558 ]: [ServerThr.16] Shutdown finished
[ N 2023-05-02 22:10:46.5307 30063/Tg Ser/Server.h:558 ]: [ServerThr.5] Shutdown finished
[ N 2023-05-02 22:10:46.5305 30063/Ts Ser/Server.h:558 ]: [ServerThr.11] Shutdown finished
[ N 2023-05-02 22:10:46.5307 30063/T10 Ser/Server.h:558 ]: [ServerThr.15] Shutdown finished
[ N 2023-05-02 22:10:46.5304 30063/Tj Ser/Server.h:558 ]: [ServerThr.6] Shutdown finished
[ N 2023-05-02 22:10:46.5308 30063/Tk Ser/Server.h:558 ]: [ServerThr.7] Shutdown finished
[ N 2023-05-02 22:10:46.5308 30063/Tw Ser/Server.h:558 ]: [ServerThr.13] Shutdown finished
[ N 2023-05-02 22:10:46.5329 30063/T1 age/Cor/CoreMain.cpp:1147 ]: Checking whether to disconnect long-running connections for process 30077, application /Users/sfsheath/Documents/p-lod-browser (development)

[ N 2023-05-02 22:10:46.5426 30063/T8 age/Cor/CoreMain.cpp:671 ]: Signal received. Gracefully shutting down... (send signal 1 more time(s) to force shutdown)
[ E 2023-05-02 22:10:46.6569 30063/T1 age/Cor/TelemetryCollector.h:455 ]: Error contacting anonymous telemetry server: Could not resolve host: anontelemetry.phusionpassenger.com
[ N 2023-05-02 22:10:46.8752 30063/T1 age/Cor/CoreMain.cpp:1325 ]: Passenger core shutdown finished
[ W 2023-05-02 22:10:46.9097 33514/T1 age/Wat/WatchdogMain.cpp:437 ]: Cannot open cleanup PID file temp_dir_toucher.pid (/var/folders/0y/3pzj87t12_9_lfsmt62vt17m0000gn/T/passenger-standalone.1lkphgb/temp_dir_toucher.pid)
